2023-07-19 21:24:39,742 - pyswarms.single.global_best - INFO - Optimize for 1000 iters with {'c1': 0.5, 'c2': 0.3, 'w': 0.9}
2023-07-19 21:26:26,833 - pyswarms.single.global_best - INFO - Optimize for 1000 iters with {'c1': 0.5, 'c2': 0.3, 'w': 0.9}
2023-07-19 21:31:34,474 - pyswarms.single.global_best - INFO - Optimize for 1000 iters with {'c1': 0.5, 'c2': 0.3, 'w': 0.9}
2023-07-19 21:33:44,079 - pyswarms.single.global_best - INFO - Optimize for 1000 iters with {'c1': 0.5, 'c2': 0.3, 'w': 0.9}
2023-07-19 21:39:44,311 - pyswarms.single.global_best - INFO - Optimize for 1000 iters with {'c1': 0.5, 'c2': 0.3, 'w': 0.9}
2023-07-19 21:42:56,770 - pyswarms.single.global_best - INFO - Optimize for 1000 iters with {'c1': 0.5, 'c2': 0.3, 'w': 0.9}
2023-07-19 21:43:58,188 - pyswarms.single.global_best - INFO - Optimize for 1000 iters with {'c1': 0.5, 'c2': 0.3, 'w': 0.9}
2023-07-19 21:47:49,679 - pyswarms.single.global_best - INFO - Optimize for 1000 iters with {'c1': 0.5, 'c2': 0.3, 'w': 0.9}
2023-07-19 21:50:44,195 - pyswarms.single.global_best - INFO - Optimize for 1000 iters with {'c1': 0.5, 'c2': 0.3, 'w': 0.9}
2023-07-19 22:01:17,711 - pyswarms.single.global_best - INFO - Optimize for 1000 iters with {'c1': 0.5, 'c2': 0.3, 'w': 0.9}
2023-07-19 22:01:55,386 - pyswarms.single.global_best - INFO - Optimize for 1000 iters with {'c1': 0.5, 'c2': 0.3, 'w': 0.9}
2023-07-19 22:04:17,275 - pyswarms.single.global_best - INFO - Optimize for 1000 iters with {'c1': 0.5, 'c2': 0.3, 'w': 0.9}
2023-07-19 22:05:38,998 - pyswarms.single.global_best - INFO - Optimize for 1000 iters with {'c1': 0.5, 'c2': 0.3, 'w': 0.9}
2023-07-19 22:18:43,435 - pyswarms.single.global_best - INFO - Optimize for 1000 iters with {'c1': 0.5, 'c2': 0.3, 'w': 0.9}
2023-07-19 22:20:16,358 - pyswarms.single.global_best - INFO - Optimize for 1000 iters with {'c1': 0.5, 'c2': 0.3, 'w': 0.9}
2023-07-19 22:23:50,778 - pyswarms.single.global_best - INFO - Optimize for 1000 iters with {'c1': 0.5, 'c2': 0.3, 'w': 0.9}
2023-07-19 22:24:09,885 - pyswarms.single.global_best - INFO - Optimize for 1000 iters with {'c1': 0.5, 'c2': 0.3, 'w': 0.9}
2023-07-19 22:27:53,561 - pyswarms.single.global_best - INFO - Optimize for 1000 iters with {'c1': 0.5, 'c2': 0.3, 'w': 0.9}
2023-07-20 07:48:27,976 - pyswarms.single.global_best - INFO - Optimization finished | best cost: 1.6388888864053621, best pos: [0.41438611 0.13752507 0.02667065]
2023-07-20 10:58:20,084 - pyswarms.single.global_best - INFO - Optimize for 100 iters with {'c1': 0.5, 'c2': 0.3, 'w': 0.9}
2023-07-20 12:05:18,633 - pyswarms.single.global_best - INFO - Optimization finished | best cost: 1.8888888864053621, best pos: [0.3170525  0.16690054 0.0163086 ]
2023-07-20 12:05:19,294 - pyswarms.single.global_best - INFO - Optimize for 100 iters with {'c1': 0.5, 'c2': 0.3, 'w': 0.9}
2023-07-20 12:08:18,196 - pyswarms.single.global_best - INFO - Optimize for 100 iters with {'c1': 0.5, 'c2': 0.3, 'w': 0.9}
2023-07-20 13:07:03,737 - pyswarms.single.global_best - INFO - Optimization finished | best cost: -1.5, best pos: [0.50574306 0.2456966  0.00863634]
2023-07-20 15:13:45,821 - pyswarms.single.global_best - INFO - Optimize for 100 iters with {'c1': 0.5, 'c2': 0.3, 'w': 0.9}
2023-07-20 15:58:30,234 - pyswarms.single.global_best - INFO - Optimize for 100 iters with {'c1': 0.5, 'c2': 0.3, 'w': 0.9}
2023-07-20 16:02:55,839 - pyswarms.single.global_best - INFO - Optimize for 100 iters with {'c1': 0.5, 'c2': 0.3, 'w': 0.9}
2023-07-20 17:20:03,896 - pyswarms.single.global_best - INFO - Optimization finished | best cost: -0.2222222222222222, best pos: [0.46979313 0.25439421 0.06508757]
2023-07-22 10:35:18,005 - pyswarms.single.global_best - INFO - Optimize for 300 iters with {'c1': 0.5, 'c2': 0.3, 'w': 0.9}
2023-07-22 17:33:01,407 - pyswarms.single.global_best - INFO - Optimization finished | best cost: -0.5555555555555556, best pos: [0.39958359 0.1329051  0.04911249]
2023-07-25 11:24:57,757 - pyswarms.single.global_best - INFO - Optimize for 300 iters with {'c1': 0.5, 'c2': 0.3, 'w': 0.9}
2023-07-26 03:33:42,604 - root - INFO - using 1 gpus
2023-07-26 03:33:42,900 - root - INFO - -----Epoch 0/19-----
2023-07-26 03:34:20,941 - root - INFO - -----Epoch 1/19-----
2023-07-26 03:34:43,884 - root - INFO - -----Epoch 2/19-----
2023-07-26 03:35:06,150 - root - INFO - -----Epoch 3/19-----
2023-07-26 03:35:28,575 - root - INFO - -----Epoch 4/19-----
2023-07-26 03:35:51,429 - root - INFO - -----Epoch 5/19-----
2023-07-26 03:36:14,191 - root - INFO - -----Epoch 6/19-----
2023-07-26 03:36:36,649 - root - INFO - -----Epoch 7/19-----
2023-07-26 03:36:59,494 - root - INFO - -----Epoch 8/19-----
2023-07-26 03:37:22,035 - root - INFO - -----Epoch 9/19-----
2023-07-26 03:37:44,617 - root - INFO - -----Epoch 10/19-----
2023-07-26 03:38:07,593 - root - INFO - -----Epoch 11/19-----
2023-07-26 03:38:30,313 - root - INFO - -----Epoch 12/19-----
2023-07-26 03:38:52,654 - root - INFO - -----Epoch 13/19-----
2023-07-26 03:39:14,806 - root - INFO - -----Epoch 14/19-----
2023-07-26 03:39:37,603 - root - INFO - -----Epoch 15/19-----
2023-07-26 03:39:59,983 - root - INFO - -----Epoch 16/19-----
2023-07-26 03:40:24,685 - root - INFO - -----Epoch 17/19-----
2023-07-26 03:40:49,790 - root - INFO - -----Epoch 18/19-----
2023-07-26 03:41:14,389 - root - INFO - -----Epoch 19/19-----
2023-07-26 04:18:35,216 - pyswarms.single.global_best - INFO - Optimize for 300 iters with {'c1': 0.5, 'c2': 0.3, 'w': 0.9}
2023-07-26 04:39:20,714 - pyswarms.single.global_best - INFO - Optimize for 300 iters with {'c1': 0.5, 'c2': 0.3, 'w': 0.9}
2023-07-26 13:44:09,641 - root - INFO - using 1 gpus
2023-07-26 13:44:10,010 - root - INFO - -----Epoch 0/19-----
2023-07-26 13:45:22,374 - root - INFO - -----Epoch 1/19-----
2023-07-26 13:46:07,100 - root - INFO - -----Epoch 2/19-----
2023-07-26 13:46:53,061 - root - INFO - -----Epoch 3/19-----
2023-07-26 13:47:38,653 - root - INFO - -----Epoch 4/19-----
2023-07-26 13:48:22,774 - root - INFO - -----Epoch 5/19-----
2023-07-26 13:49:06,772 - root - INFO - -----Epoch 6/19-----
2023-07-26 13:49:50,340 - root - INFO - -----Epoch 7/19-----
2023-07-26 13:50:35,547 - root - INFO - -----Epoch 8/19-----
2023-07-26 13:51:20,004 - root - INFO - -----Epoch 9/19-----
2023-07-26 13:52:05,009 - root - INFO - -----Epoch 10/19-----
2023-07-26 13:52:50,388 - root - INFO - -----Epoch 11/19-----
2023-07-26 13:53:34,879 - root - INFO - -----Epoch 12/19-----
2023-07-26 13:54:20,136 - root - INFO - -----Epoch 13/19-----
2023-07-26 13:55:04,059 - root - INFO - -----Epoch 14/19-----
2023-07-26 13:55:48,879 - root - INFO - -----Epoch 15/19-----
2023-07-26 13:56:33,714 - root - INFO - -----Epoch 16/19-----
2023-07-26 13:57:19,367 - root - INFO - -----Epoch 17/19-----
2023-07-26 13:58:03,544 - root - INFO - -----Epoch 18/19-----
2023-07-26 13:58:47,103 - root - INFO - -----Epoch 19/19-----
2023-07-26 14:44:46,941 - root - INFO - using 1 gpus
2023-07-26 14:46:58,567 - root - INFO - using 1 gpus
2023-07-26 14:49:24,636 - root - INFO - using 1 gpus
2023-07-26 14:51:24,902 - root - INFO - using 1 gpus
2023-07-26 14:54:04,531 - root - INFO - using 1 gpus
2023-07-26 14:57:25,773 - root - INFO - using 1 gpus
2023-07-26 14:57:26,023 - root - INFO - -----Epoch 0/9-----
2023-07-26 14:58:54,412 - root - INFO - using 1 gpus
2023-07-26 14:59:29,407 - root - INFO - using 1 gpus
2023-07-26 15:00:24,707 - root - INFO - using 1 gpus
2023-07-26 15:02:03,209 - root - INFO - using 1 gpus
2023-07-26 15:09:25,883 - root - INFO - using 1 gpus
2023-07-26 15:16:29,258 - root - INFO - using 1 gpus
2023-07-26 15:29:12,531 - root - INFO - using 1 gpus
2023-07-26 15:44:20,090 - root - INFO - using 1 gpus
2023-07-26 15:47:32,270 - root - INFO - using 1 gpus
2023-07-26 15:49:15,903 - root - INFO - using 1 gpus
2023-07-26 15:56:13,537 - root - INFO - using 1 gpus
2023-07-26 15:58:27,430 - root - INFO - using 1 gpus
2023-07-26 15:59:29,719 - root - INFO - using 1 gpus
2023-07-26 16:03:03,915 - root - INFO - using 1 gpus
2023-07-26 16:04:43,934 - root - INFO - using 1 gpus
2023-07-28 02:36:45,033 - root - INFO - using 1 gpus
2023-07-28 02:39:39,411 - root - INFO - using 1 gpus
2023-07-28 02:43:34,560 - root - INFO - using 1 gpus
2023-07-28 02:48:47,263 - root - INFO - using 1 gpus
2023-07-28 13:38:51,393 - root - INFO - using 1 gpus
2023-07-28 14:18:31,845 - root - INFO - using 1 gpus
2023-07-28 14:18:47,946 - root - INFO - using 1 gpus
2023-07-28 14:20:01,494 - root - INFO - using 1 gpus
2023-07-28 14:21:34,457 - root - INFO - using 1 gpus
2023-07-28 14:23:20,170 - root - INFO - using 1 gpus
2023-07-28 14:26:45,880 - root - INFO - using 1 gpus
2023-07-28 14:26:46,171 - root - INFO - -----Epoch 0/19-----
2023-07-28 14:27:47,160 - root - INFO - using 1 gpus
2023-07-28 14:27:47,448 - root - INFO - -----Epoch 0/19-----
2023-07-28 14:28:21,451 - root - INFO - -----Epoch 1/19-----
2023-07-28 14:28:44,632 - root - INFO - -----Epoch 2/19-----
2023-07-28 14:29:07,916 - root - INFO - -----Epoch 3/19-----
2023-07-28 14:29:30,507 - root - INFO - -----Epoch 4/19-----
2023-07-28 14:29:53,752 - root - INFO - -----Epoch 5/19-----
2023-07-28 14:30:06,766 - root - INFO - using 1 gpus
2023-07-28 14:30:07,052 - root - INFO - -----Epoch 0/19-----
2023-07-28 14:30:31,631 - root - INFO - -----Epoch 1/19-----
2023-07-28 14:30:53,245 - root - INFO - -----Epoch 2/19-----
2023-07-28 14:31:15,471 - root - INFO - -----Epoch 3/19-----
2023-07-28 14:33:36,154 - root - INFO - using 1 gpus
2023-07-28 14:33:36,372 - root - INFO - -----Epoch 0/19-----
2023-07-28 14:34:01,974 - root - INFO - -----Epoch 1/19-----
2023-07-28 14:34:25,952 - root - INFO - -----Epoch 2/19-----
2023-07-28 14:34:49,627 - root - INFO - -----Epoch 3/19-----
2023-07-28 14:35:13,352 - root - INFO - -----Epoch 4/19-----
2023-07-28 14:35:37,224 - root - INFO - -----Epoch 5/19-----
2023-07-28 14:36:00,973 - root - INFO - -----Epoch 6/19-----
2023-07-28 14:36:24,632 - root - INFO - -----Epoch 7/19-----
2023-07-28 14:36:48,607 - root - INFO - -----Epoch 8/19-----
2023-07-28 14:37:12,372 - root - INFO - -----Epoch 9/19-----
2023-07-28 14:37:36,232 - root - INFO - -----Epoch 10/19-----
2023-07-28 14:38:00,425 - root - INFO - -----Epoch 11/19-----
2023-07-28 14:38:24,213 - root - INFO - -----Epoch 12/19-----
2023-07-28 14:38:48,401 - root - INFO - -----Epoch 13/19-----
2023-07-28 14:39:12,211 - root - INFO - -----Epoch 14/19-----
2023-07-28 14:39:36,415 - root - INFO - -----Epoch 15/19-----
2023-07-28 14:40:00,095 - root - INFO - -----Epoch 16/19-----
2023-07-28 14:40:24,132 - root - INFO - -----Epoch 17/19-----
2023-07-28 14:40:48,032 - root - INFO - -----Epoch 18/19-----
2023-07-28 14:41:11,858 - root - INFO - -----Epoch 19/19-----
2023-07-28 14:43:49,799 - root - INFO - using 1 gpus
2023-07-28 14:43:50,078 - root - INFO - -----Epoch 0/19-----
2023-07-28 14:44:22,287 - root - INFO - -----Epoch 1/19-----
2023-07-28 14:44:52,007 - root - INFO - -----Epoch 2/19-----
2023-07-28 14:45:21,471 - root - INFO - -----Epoch 3/19-----
2023-07-28 14:45:50,395 - root - INFO - -----Epoch 4/19-----
2023-07-28 14:46:18,672 - root - INFO - -----Epoch 5/19-----
2023-07-28 14:46:45,950 - root - INFO - -----Epoch 6/19-----
2023-07-28 14:47:21,611 - root - INFO - using 1 gpus
2023-07-28 14:53:25,835 - root - INFO - using 1 gpus
2023-07-28 14:54:10,933 - root - INFO - using 1 gpus
2023-07-28 14:54:43,315 - root - INFO - using 1 gpus
2023-07-28 14:54:43,613 - root - INFO - -----Epoch 0/19-----
2023-07-28 14:55:46,080 - root - INFO - -----Epoch 1/19-----
2023-07-28 14:56:48,019 - root - INFO - -----Epoch 2/19-----
2023-07-28 14:57:33,285 - root - INFO - -----Epoch 3/19-----
2023-07-28 14:58:17,709 - root - INFO - -----Epoch 4/19-----
2023-07-28 14:59:01,708 - root - INFO - -----Epoch 5/19-----
2023-07-28 14:59:38,337 - root - INFO - using 1 gpus
2023-07-28 14:59:38,647 - root - INFO - -----Epoch 0/19-----
2023-07-28 15:00:10,055 - root - INFO - -----Epoch 1/19-----
2023-07-28 15:00:41,940 - root - INFO - -----Epoch 2/19-----
2023-07-28 15:01:13,334 - root - INFO - -----Epoch 3/19-----
2023-07-28 15:01:45,262 - root - INFO - -----Epoch 4/19-----
2023-07-28 15:02:17,024 - root - INFO - -----Epoch 5/19-----
2023-07-28 15:02:49,034 - root - INFO - -----Epoch 6/19-----
2023-07-28 15:03:22,203 - root - INFO - -----Epoch 7/19-----
2023-07-28 15:03:58,444 - root - INFO - -----Epoch 8/19-----
2023-07-28 15:04:30,783 - root - INFO - -----Epoch 9/19-----
2023-07-28 15:05:02,564 - root - INFO - -----Epoch 10/19-----
2023-07-28 15:05:36,456 - root - INFO - -----Epoch 11/19-----
2023-07-28 15:06:21,464 - root - INFO - -----Epoch 12/19-----
2023-07-28 15:07:04,540 - root - INFO - -----Epoch 13/19-----
2023-07-28 15:07:39,432 - root - INFO - -----Epoch 14/19-----
2023-07-28 15:08:22,052 - root - INFO - -----Epoch 15/19-----
2023-07-28 15:09:03,646 - root - INFO - -----Epoch 16/19-----
2023-07-28 15:09:46,843 - root - INFO - -----Epoch 17/19-----
2023-07-28 15:10:22,462 - root - INFO - -----Epoch 18/19-----
2023-07-28 15:10:52,250 - root - INFO - -----Epoch 19/19-----
2023-07-28 20:38:49,573 - root - INFO - using 1 gpus
2023-07-28 20:38:49,827 - root - INFO - -----Epoch 0/9-----
2023-07-28 20:39:35,323 - root - INFO - -----Epoch 1/9-----
2023-07-28 20:40:11,842 - root - INFO - -----Epoch 2/9-----
2023-07-28 20:40:48,492 - root - INFO - -----Epoch 3/9-----
2023-07-28 20:41:25,601 - root - INFO - -----Epoch 4/9-----
2023-07-28 20:42:02,349 - root - INFO - -----Epoch 5/9-----
2023-07-28 20:42:39,102 - root - INFO - -----Epoch 6/9-----
2023-07-28 20:43:16,158 - root - INFO - -----Epoch 7/9-----
2023-07-28 20:43:51,252 - root - INFO - -----Epoch 8/9-----
2023-07-28 20:44:31,028 - root - INFO - -----Epoch 9/9-----
2023-07-28 20:45:14,574 - root - INFO - using 1 gpus
2023-07-28 20:45:15,280 - root - INFO - -----Epoch 0/19-----
2023-07-28 20:46:07,526 - root - INFO - using 1 gpus
2023-07-28 20:46:08,198 - root - INFO - -----Epoch 0/19-----
2023-07-29 14:36:41,778 - root - INFO - using 1 gpus
2023-07-29 14:37:06,380 - root - INFO - using 1 gpus
2023-07-29 14:37:41,856 - root - INFO - using 1 gpus
2023-07-29 14:37:42,146 - root - INFO - -----Epoch 0/19-----
2023-07-29 14:37:54,448 - root - INFO - -----Epoch 1/19-----
2023-07-29 14:37:55,359 - root - INFO - -----Epoch 2/19-----
2023-07-29 14:37:56,257 - root - INFO - -----Epoch 3/19-----
2023-07-29 14:37:57,143 - root - INFO - -----Epoch 4/19-----
2023-07-29 14:37:58,040 - root - INFO - -----Epoch 5/19-----
2023-07-29 14:37:58,943 - root - INFO - -----Epoch 6/19-----
2023-07-29 14:37:59,827 - root - INFO - -----Epoch 7/19-----
2023-07-29 14:38:00,694 - root - INFO - -----Epoch 8/19-----
2023-07-29 14:38:01,565 - root - INFO - -----Epoch 9/19-----
2023-07-29 14:38:02,431 - root - INFO - -----Epoch 10/19-----
2023-07-29 14:38:03,288 - root - INFO - -----Epoch 11/19-----
2023-07-29 14:38:04,160 - root - INFO - -----Epoch 12/19-----
2023-07-29 14:38:05,029 - root - INFO - -----Epoch 13/19-----
2023-07-29 14:38:05,895 - root - INFO - -----Epoch 14/19-----
2023-07-29 14:38:06,779 - root - INFO - -----Epoch 15/19-----
2023-07-29 14:38:07,673 - root - INFO - -----Epoch 16/19-----
2023-07-29 14:38:08,543 - root - INFO - -----Epoch 17/19-----
2023-07-29 14:38:09,414 - root - INFO - -----Epoch 18/19-----
2023-07-29 14:38:10,290 - root - INFO - -----Epoch 19/19-----
2023-07-29 14:39:11,212 - root - INFO - using 1 gpus
2023-07-29 14:39:11,434 - root - INFO - -----Epoch 0/19-----
2023-07-29 14:39:15,905 - root - INFO - -----Epoch 1/19-----
2023-07-29 14:39:16,913 - root - INFO - -----Epoch 2/19-----
2023-07-29 14:39:17,876 - root - INFO - -----Epoch 3/19-----
2023-07-29 14:39:18,858 - root - INFO - -----Epoch 4/19-----
2023-07-29 14:39:19,843 - root - INFO - -----Epoch 5/19-----
2023-07-29 14:39:20,827 - root - INFO - -----Epoch 6/19-----
2023-07-29 14:39:21,808 - root - INFO - -----Epoch 7/19-----
2023-07-29 14:39:22,787 - root - INFO - -----Epoch 8/19-----
2023-07-29 14:39:23,742 - root - INFO - -----Epoch 9/19-----
2023-07-29 14:39:24,693 - root - INFO - -----Epoch 10/19-----
2023-07-29 14:39:25,728 - root - INFO - -----Epoch 11/19-----
2023-07-29 14:39:26,745 - root - INFO - -----Epoch 12/19-----
2023-07-29 14:39:27,725 - root - INFO - -----Epoch 13/19-----
2023-07-29 14:39:28,700 - root - INFO - -----Epoch 14/19-----
2023-07-29 14:39:29,661 - root - INFO - -----Epoch 15/19-----
2023-07-29 14:39:30,650 - root - INFO - -----Epoch 16/19-----
2023-07-29 14:39:31,669 - root - INFO - -----Epoch 17/19-----
2023-07-29 14:39:32,669 - root - INFO - -----Epoch 18/19-----
2023-07-29 14:39:33,734 - root - INFO - -----Epoch 19/19-----
2023-07-29 14:40:19,329 - root - INFO - using 1 gpus
2023-07-29 14:40:19,899 - root - INFO - -----Epoch 0/19-----
2023-07-29 14:40:29,666 - root - INFO - -----Epoch 1/19-----
2023-07-29 14:40:31,886 - root - INFO - -----Epoch 2/19-----
2023-07-29 14:40:34,059 - root - INFO - -----Epoch 3/19-----
2023-07-29 14:40:36,261 - root - INFO - -----Epoch 4/19-----
2023-07-29 14:40:38,519 - root - INFO - -----Epoch 5/19-----
2023-07-29 14:40:41,222 - root - INFO - -----Epoch 6/19-----
2023-07-29 14:40:44,648 - root - INFO - -----Epoch 7/19-----
2023-07-29 14:40:46,926 - root - INFO - -----Epoch 8/19-----
2023-07-29 14:40:49,643 - root - INFO - -----Epoch 9/19-----
2023-07-29 14:40:52,569 - root - INFO - -----Epoch 10/19-----
2023-07-29 14:47:20,883 - root - INFO - using 1 gpus
2023-07-29 14:47:21,073 - root - INFO - -----Epoch 0/19-----
2023-07-29 14:47:23,910 - root - INFO - -----Epoch 1/19-----
2023-07-29 14:47:24,283 - root - INFO - -----Epoch 2/19-----
2023-07-29 14:47:24,647 - root - INFO - -----Epoch 3/19-----
2023-07-29 14:47:25,004 - root - INFO - -----Epoch 4/19-----
2023-07-29 14:47:25,368 - root - INFO - -----Epoch 5/19-----
2023-07-29 14:47:25,728 - root - INFO - -----Epoch 6/19-----
2023-07-29 14:47:26,082 - root - INFO - -----Epoch 7/19-----
2023-07-29 14:47:26,440 - root - INFO - -----Epoch 8/19-----
2023-07-29 14:47:26,808 - root - INFO - -----Epoch 9/19-----
2023-07-29 14:47:27,165 - root - INFO - -----Epoch 10/19-----
2023-07-29 14:47:27,567 - root - INFO - -----Epoch 11/19-----
2023-07-29 14:47:27,930 - root - INFO - -----Epoch 12/19-----
2023-07-29 14:47:28,296 - root - INFO - -----Epoch 13/19-----
2023-07-29 14:47:28,686 - root - INFO - -----Epoch 14/19-----
2023-07-29 14:47:29,082 - root - INFO - -----Epoch 15/19-----
2023-07-29 14:47:29,431 - root - INFO - -----Epoch 16/19-----
2023-07-29 14:47:29,804 - root - INFO - -----Epoch 17/19-----
2023-07-29 14:47:30,151 - root - INFO - -----Epoch 18/19-----
2023-07-29 14:47:30,493 - root - INFO - -----Epoch 19/19-----
2023-07-29 15:38:10,723 - root - INFO - using 1 gpus
2023-07-29 15:38:43,926 - root - INFO - using 1 gpus
2023-07-29 15:38:44,116 - root - INFO - -----Epoch 0/19-----
2023-07-29 15:38:46,762 - root - INFO - -----Epoch 1/19-----
2023-07-29 15:38:46,896 - root - INFO - -----Epoch 2/19-----
2023-07-29 15:38:47,026 - root - INFO - -----Epoch 3/19-----
2023-07-29 15:38:47,168 - root - INFO - -----Epoch 4/19-----
2023-07-29 15:38:47,300 - root - INFO - -----Epoch 5/19-----
2023-07-29 15:38:47,431 - root - INFO - -----Epoch 6/19-----
2023-07-29 15:38:47,562 - root - INFO - -----Epoch 7/19-----
2023-07-29 15:38:47,705 - root - INFO - -----Epoch 8/19-----
2023-07-29 15:38:47,839 - root - INFO - -----Epoch 9/19-----
2023-07-29 15:38:47,974 - root - INFO - -----Epoch 10/19-----
2023-07-29 15:38:48,103 - root - INFO - -----Epoch 11/19-----
2023-07-29 15:38:48,238 - root - INFO - -----Epoch 12/19-----
2023-07-29 15:38:48,374 - root - INFO - -----Epoch 13/19-----
2023-07-29 15:38:48,509 - root - INFO - -----Epoch 14/19-----
2023-07-29 15:38:48,643 - root - INFO - -----Epoch 15/19-----
2023-07-29 15:38:48,777 - root - INFO - -----Epoch 16/19-----
2023-07-29 15:38:48,909 - root - INFO - -----Epoch 17/19-----
2023-07-29 15:38:49,045 - root - INFO - -----Epoch 18/19-----
2023-07-29 15:38:49,179 - root - INFO - -----Epoch 19/19-----
2023-07-29 15:41:12,645 - root - INFO - using 1 gpus
2023-07-29 15:41:12,866 - root - INFO - -----Epoch 0/19-----
2023-07-29 15:41:15,710 - root - INFO - -----Epoch 1/19-----
2023-07-29 15:41:15,872 - root - INFO - -----Epoch 2/19-----
2023-07-29 15:41:16,031 - root - INFO - -----Epoch 3/19-----
2023-07-29 15:41:16,194 - root - INFO - -----Epoch 4/19-----
2023-07-29 15:41:16,358 - root - INFO - -----Epoch 5/19-----
2023-07-29 15:41:16,519 - root - INFO - -----Epoch 6/19-----
2023-07-29 15:41:16,684 - root - INFO - -----Epoch 7/19-----
2023-07-29 15:41:16,844 - root - INFO - -----Epoch 8/19-----
2023-07-29 15:41:17,005 - root - INFO - -----Epoch 9/19-----
2023-07-29 15:41:17,166 - root - INFO - -----Epoch 10/19-----
2023-07-29 15:41:17,333 - root - INFO - -----Epoch 11/19-----
2023-07-29 15:41:17,500 - root - INFO - -----Epoch 12/19-----
2023-07-29 15:41:17,672 - root - INFO - -----Epoch 13/19-----
2023-07-29 15:41:17,833 - root - INFO - -----Epoch 14/19-----
2023-07-29 15:41:18,000 - root - INFO - -----Epoch 15/19-----
2023-07-29 15:41:18,160 - root - INFO - -----Epoch 16/19-----
2023-07-29 15:41:18,326 - root - INFO - -----Epoch 17/19-----
2023-07-29 15:41:18,503 - root - INFO - -----Epoch 18/19-----
2023-07-29 15:41:18,673 - root - INFO - -----Epoch 19/19-----
2023-07-29 15:41:40,001 - root - INFO - using 1 gpus
2023-07-29 15:41:40,208 - root - INFO - -----Epoch 0/19-----
2023-07-29 15:41:42,941 - root - INFO - -----Epoch 1/19-----
2023-07-29 15:41:43,083 - root - INFO - -----Epoch 2/19-----
2023-07-29 15:41:43,223 - root - INFO - -----Epoch 3/19-----
2023-07-29 15:41:43,361 - root - INFO - -----Epoch 4/19-----
2023-07-29 15:41:43,506 - root - INFO - -----Epoch 5/19-----
2023-07-29 15:41:43,652 - root - INFO - -----Epoch 6/19-----
2023-07-29 15:41:43,794 - root - INFO - -----Epoch 7/19-----
2023-07-29 15:41:43,937 - root - INFO - -----Epoch 8/19-----
2023-07-29 15:41:44,079 - root - INFO - -----Epoch 9/19-----
2023-07-29 15:41:44,237 - root - INFO - -----Epoch 10/19-----
2023-07-29 15:41:44,376 - root - INFO - -----Epoch 11/19-----
2023-07-29 15:41:44,513 - root - INFO - -----Epoch 12/19-----
2023-07-29 15:41:44,655 - root - INFO - -----Epoch 13/19-----
2023-07-29 15:41:44,788 - root - INFO - -----Epoch 14/19-----
2023-07-29 15:41:44,928 - root - INFO - -----Epoch 15/19-----
2023-07-29 15:41:45,072 - root - INFO - -----Epoch 16/19-----
2023-07-29 15:41:45,220 - root - INFO - -----Epoch 17/19-----
2023-07-29 15:41:45,367 - root - INFO - -----Epoch 18/19-----
2023-07-29 15:41:45,509 - root - INFO - -----Epoch 19/19-----
2023-07-29 15:47:09,866 - root - INFO - using 1 gpus
2023-07-29 15:47:10,059 - root - INFO - -----Epoch 0/19-----
2023-07-29 15:47:12,812 - root - INFO - -----Epoch 1/19-----
2023-07-29 15:47:12,945 - root - INFO - -----Epoch 2/19-----
2023-07-29 15:47:13,075 - root - INFO - -----Epoch 3/19-----
2023-07-29 15:47:13,206 - root - INFO - -----Epoch 4/19-----
2023-07-29 15:47:13,343 - root - INFO - -----Epoch 5/19-----
2023-07-29 15:47:13,475 - root - INFO - -----Epoch 6/19-----
2023-07-29 15:47:13,610 - root - INFO - -----Epoch 7/19-----
2023-07-29 15:47:13,744 - root - INFO - -----Epoch 8/19-----
2023-07-29 15:47:13,874 - root - INFO - -----Epoch 9/19-----
2023-07-29 15:47:14,012 - root - INFO - -----Epoch 10/19-----
2023-07-29 15:47:14,151 - root - INFO - -----Epoch 11/19-----
2023-07-29 15:47:14,289 - root - INFO - -----Epoch 12/19-----
2023-07-29 15:47:14,426 - root - INFO - -----Epoch 13/19-----
2023-07-29 15:47:14,560 - root - INFO - -----Epoch 14/19-----
2023-07-29 15:47:14,697 - root - INFO - -----Epoch 15/19-----
2023-07-29 15:47:14,829 - root - INFO - -----Epoch 16/19-----
2023-07-29 15:47:14,961 - root - INFO - -----Epoch 17/19-----
2023-07-29 15:47:15,096 - root - INFO - -----Epoch 18/19-----
2023-07-29 15:47:15,230 - root - INFO - -----Epoch 19/19-----
2023-07-29 15:47:27,914 - root - INFO - using 1 gpus
2023-07-29 15:47:28,105 - root - INFO - -----Epoch 0/19-----
2023-07-29 15:47:30,601 - root - INFO - -----Epoch 1/19-----
2023-07-29 15:47:30,742 - root - INFO - -----Epoch 2/19-----
2023-07-29 15:47:30,879 - root - INFO - -----Epoch 3/19-----
2023-07-29 15:47:31,014 - root - INFO - -----Epoch 4/19-----
2023-07-29 15:47:31,150 - root - INFO - -----Epoch 5/19-----
2023-07-29 15:47:31,284 - root - INFO - -----Epoch 6/19-----
2023-07-29 15:47:31,414 - root - INFO - -----Epoch 7/19-----
2023-07-29 15:47:31,546 - root - INFO - -----Epoch 8/19-----
2023-07-29 15:47:31,678 - root - INFO - -----Epoch 9/19-----
2023-07-29 15:47:31,812 - root - INFO - -----Epoch 10/19-----
2023-07-29 15:47:31,956 - root - INFO - -----Epoch 11/19-----
2023-07-29 15:47:32,092 - root - INFO - -----Epoch 12/19-----
2023-07-29 15:47:32,233 - root - INFO - -----Epoch 13/19-----
2023-07-29 15:47:32,370 - root - INFO - -----Epoch 14/19-----
2023-07-29 15:47:32,508 - root - INFO - -----Epoch 15/19-----
2023-07-29 15:47:32,641 - root - INFO - -----Epoch 16/19-----
2023-07-29 15:47:32,776 - root - INFO - -----Epoch 17/19-----
2023-07-29 15:47:32,913 - root - INFO - -----Epoch 18/19-----
2023-07-29 15:47:33,049 - root - INFO - -----Epoch 19/19-----
2023-07-29 15:58:23,815 - root - INFO - using 1 gpus
2023-07-29 15:58:24,017 - root - INFO - -----Epoch 0/19-----
2023-07-29 15:58:26,531 - root - INFO - -----Epoch 1/19-----
2023-07-29 15:58:26,662 - root - INFO - -----Epoch 2/19-----
2023-07-29 15:58:26,797 - root - INFO - -----Epoch 3/19-----
2023-07-29 15:58:26,937 - root - INFO - -----Epoch 4/19-----
2023-07-29 15:58:27,075 - root - INFO - -----Epoch 5/19-----
2023-07-29 15:58:27,205 - root - INFO - -----Epoch 6/19-----
2023-07-29 15:58:27,341 - root - INFO - -----Epoch 7/19-----
2023-07-29 15:58:27,473 - root - INFO - -----Epoch 8/19-----
2023-07-29 15:58:27,606 - root - INFO - -----Epoch 9/19-----
2023-07-29 15:58:27,742 - root - INFO - -----Epoch 10/19-----
2023-07-29 15:58:27,880 - root - INFO - -----Epoch 11/19-----
2023-07-29 15:58:28,017 - root - INFO - -----Epoch 12/19-----
2023-07-29 15:58:28,155 - root - INFO - -----Epoch 13/19-----
2023-07-29 15:58:28,294 - root - INFO - -----Epoch 14/19-----
2023-07-29 15:58:28,435 - root - INFO - -----Epoch 15/19-----
2023-07-29 15:58:28,574 - root - INFO - -----Epoch 16/19-----
2023-07-29 15:58:28,708 - root - INFO - -----Epoch 17/19-----
2023-07-29 15:58:28,838 - root - INFO - -----Epoch 18/19-----
2023-07-29 15:58:28,975 - root - INFO - -----Epoch 19/19-----
2023-07-29 16:00:01,759 - root - INFO - using 1 gpus
2023-07-29 16:00:01,968 - root - INFO - -----Epoch 0/19-----
2023-07-29 16:00:04,435 - root - INFO - -----Epoch 1/19-----
2023-07-29 16:00:04,568 - root - INFO - -----Epoch 2/19-----
2023-07-29 16:00:04,701 - root - INFO - -----Epoch 3/19-----
2023-07-29 16:00:04,833 - root - INFO - -----Epoch 4/19-----
2023-07-29 16:00:04,971 - root - INFO - -----Epoch 5/19-----
2023-07-29 16:00:05,109 - root - INFO - -----Epoch 6/19-----
2023-07-29 16:00:05,243 - root - INFO - -----Epoch 7/19-----
2023-07-29 16:00:05,376 - root - INFO - -----Epoch 8/19-----
2023-07-29 16:00:05,512 - root - INFO - -----Epoch 9/19-----
2023-07-29 16:00:05,645 - root - INFO - -----Epoch 10/19-----
2023-07-29 16:00:05,776 - root - INFO - -----Epoch 11/19-----
2023-07-29 16:00:05,912 - root - INFO - -----Epoch 12/19-----
2023-07-29 16:00:06,044 - root - INFO - -----Epoch 13/19-----
2023-07-29 16:00:06,178 - root - INFO - -----Epoch 14/19-----
2023-07-29 16:00:06,314 - root - INFO - -----Epoch 15/19-----
2023-07-29 16:00:06,447 - root - INFO - -----Epoch 16/19-----
2023-07-29 16:00:06,582 - root - INFO - -----Epoch 17/19-----
2023-07-29 16:00:06,714 - root - INFO - -----Epoch 18/19-----
2023-07-29 16:00:06,850 - root - INFO - -----Epoch 19/19-----
2023-07-29 16:05:26,517 - root - INFO - using 1 gpus
2023-07-29 16:05:26,747 - root - INFO - -----Epoch 0/19-----
2023-07-29 16:05:29,399 - root - INFO - -----Epoch 1/19-----
2023-07-29 16:05:29,537 - root - INFO - -----Epoch 2/19-----
2023-07-29 16:05:29,673 - root - INFO - -----Epoch 3/19-----
2023-07-29 16:05:29,809 - root - INFO - -----Epoch 4/19-----
2023-07-29 16:05:29,948 - root - INFO - -----Epoch 5/19-----
2023-07-29 16:05:30,087 - root - INFO - -----Epoch 6/19-----
2023-07-29 16:05:30,223 - root - INFO - -----Epoch 7/19-----
2023-07-29 16:05:30,357 - root - INFO - -----Epoch 8/19-----
2023-07-29 16:05:30,491 - root - INFO - -----Epoch 9/19-----
2023-07-29 16:05:30,623 - root - INFO - -----Epoch 10/19-----
2023-07-29 16:05:30,769 - root - INFO - -----Epoch 11/19-----
2023-07-29 16:05:30,905 - root - INFO - -----Epoch 12/19-----
2023-07-29 16:05:31,035 - root - INFO - -----Epoch 13/19-----
2023-07-29 16:05:31,174 - root - INFO - -----Epoch 14/19-----
2023-07-29 16:05:31,312 - root - INFO - -----Epoch 15/19-----
2023-07-29 16:05:31,456 - root - INFO - -----Epoch 16/19-----
2023-07-29 16:05:31,595 - root - INFO - -----Epoch 17/19-----
2023-07-29 16:05:31,736 - root - INFO - -----Epoch 18/19-----
2023-07-29 16:05:31,873 - root - INFO - -----Epoch 19/19-----
2023-07-29 16:11:39,917 - root - INFO - using 1 gpus
2023-07-29 16:11:40,124 - root - INFO - -----Epoch 0/19-----
2023-07-29 16:11:42,618 - root - INFO - -----Epoch 1/19-----
2023-07-29 16:11:42,752 - root - INFO - -----Epoch 2/19-----
2023-07-29 16:11:42,886 - root - INFO - -----Epoch 3/19-----
2023-07-29 16:11:43,021 - root - INFO - -----Epoch 4/19-----
2023-07-29 16:11:43,159 - root - INFO - -----Epoch 5/19-----
2023-07-29 16:11:43,297 - root - INFO - -----Epoch 6/19-----
2023-07-29 16:11:43,440 - root - INFO - -----Epoch 7/19-----
2023-07-29 16:11:43,581 - root - INFO - -----Epoch 8/19-----
2023-07-29 16:11:43,736 - root - INFO - -----Epoch 9/19-----
2023-07-29 16:11:43,871 - root - INFO - -----Epoch 10/19-----
2023-07-29 16:11:44,007 - root - INFO - -----Epoch 11/19-----
2023-07-29 16:11:44,142 - root - INFO - -----Epoch 12/19-----
2023-07-29 16:11:44,280 - root - INFO - -----Epoch 13/19-----
2023-07-29 16:11:44,419 - root - INFO - -----Epoch 14/19-----
2023-07-29 16:11:44,555 - root - INFO - -----Epoch 15/19-----
2023-07-29 16:11:44,695 - root - INFO - -----Epoch 16/19-----
2023-07-29 16:11:44,843 - root - INFO - -----Epoch 17/19-----
2023-07-29 16:11:44,979 - root - INFO - -----Epoch 18/19-----
2023-07-29 16:11:45,118 - root - INFO - -----Epoch 19/19-----
2023-07-29 16:13:02,553 - root - INFO - using 1 gpus
2023-07-29 16:13:02,763 - root - INFO - -----Epoch 0/19-----
2023-07-29 16:13:05,487 - root - INFO - -----Epoch 1/19-----
2023-07-29 16:13:05,615 - root - INFO - -----Epoch 2/19-----
2023-07-29 16:13:05,752 - root - INFO - -----Epoch 3/19-----
2023-07-29 16:13:05,889 - root - INFO - -----Epoch 4/19-----
2023-07-29 16:13:06,023 - root - INFO - -----Epoch 5/19-----
2023-07-29 16:13:06,155 - root - INFO - -----Epoch 6/19-----
2023-07-29 16:13:06,290 - root - INFO - -----Epoch 7/19-----
2023-07-29 16:13:06,424 - root - INFO - -----Epoch 8/19-----
2023-07-29 16:13:06,559 - root - INFO - -----Epoch 9/19-----
2023-07-29 16:13:06,693 - root - INFO - -----Epoch 10/19-----
2023-07-29 16:13:06,827 - root - INFO - -----Epoch 11/19-----
2023-07-29 16:13:06,972 - root - INFO - -----Epoch 12/19-----
2023-07-29 16:13:07,107 - root - INFO - -----Epoch 13/19-----
2023-07-29 16:13:07,243 - root - INFO - -----Epoch 14/19-----
2023-07-29 16:13:07,376 - root - INFO - -----Epoch 15/19-----
2023-07-29 16:13:07,514 - root - INFO - -----Epoch 16/19-----
2023-07-29 16:13:07,647 - root - INFO - -----Epoch 17/19-----
2023-07-29 16:13:07,782 - root - INFO - -----Epoch 18/19-----
2023-07-29 16:13:07,914 - root - INFO - -----Epoch 19/19-----
2023-07-29 16:13:53,932 - root - INFO - using 1 gpus
2023-07-29 16:13:54,099 - root - INFO - -----Epoch 0/19-----
2023-07-29 16:13:56,630 - root - INFO - -----Epoch 1/19-----
2023-07-29 16:13:56,764 - root - INFO - -----Epoch 2/19-----
2023-07-29 16:13:56,900 - root - INFO - -----Epoch 3/19-----
2023-07-29 16:13:57,038 - root - INFO - -----Epoch 4/19-----
2023-07-29 16:13:57,179 - root - INFO - -----Epoch 5/19-----
2023-07-29 16:13:57,323 - root - INFO - -----Epoch 6/19-----
2023-07-29 16:13:57,458 - root - INFO - -----Epoch 7/19-----
2023-07-29 16:13:57,602 - root - INFO - -----Epoch 8/19-----
2023-07-29 16:13:57,743 - root - INFO - -----Epoch 9/19-----
2023-07-29 16:13:57,883 - root - INFO - -----Epoch 10/19-----
2023-07-29 16:13:58,022 - root - INFO - -----Epoch 11/19-----
2023-07-29 16:13:58,171 - root - INFO - -----Epoch 12/19-----
2023-07-29 16:13:58,314 - root - INFO - -----Epoch 13/19-----
2023-07-29 16:13:58,454 - root - INFO - -----Epoch 14/19-----
2023-07-29 16:13:58,595 - root - INFO - -----Epoch 15/19-----
2023-07-29 16:13:58,739 - root - INFO - -----Epoch 16/19-----
2023-07-29 16:13:58,877 - root - INFO - -----Epoch 17/19-----
2023-07-29 16:13:59,020 - root - INFO - -----Epoch 18/19-----
2023-07-29 16:13:59,167 - root - INFO - -----Epoch 19/19-----
2023-07-29 16:15:09,346 - root - INFO - using 1 gpus
2023-07-29 16:15:09,568 - root - INFO - -----Epoch 0/19-----
2023-07-29 16:15:12,210 - root - INFO - -----Epoch 1/19-----
2023-07-29 16:15:12,347 - root - INFO - -----Epoch 2/19-----
2023-07-29 16:15:12,483 - root - INFO - -----Epoch 3/19-----
2023-07-29 16:15:12,639 - root - INFO - -----Epoch 4/19-----
2023-07-29 16:15:12,771 - root - INFO - -----Epoch 5/19-----
2023-07-29 16:15:12,908 - root - INFO - -----Epoch 6/19-----
2023-07-29 16:15:13,045 - root - INFO - -----Epoch 7/19-----
2023-07-29 16:15:13,177 - root - INFO - -----Epoch 8/19-----
2023-07-29 16:15:13,313 - root - INFO - -----Epoch 9/19-----
2023-07-29 16:15:13,444 - root - INFO - -----Epoch 10/19-----
2023-07-29 16:15:13,576 - root - INFO - -----Epoch 11/19-----
2023-07-29 16:15:13,707 - root - INFO - -----Epoch 12/19-----
2023-07-29 16:15:13,843 - root - INFO - -----Epoch 13/19-----
2023-07-29 16:15:13,978 - root - INFO - -----Epoch 14/19-----
2023-07-29 16:15:14,116 - root - INFO - -----Epoch 15/19-----
2023-07-29 16:15:14,249 - root - INFO - -----Epoch 16/19-----
2023-07-29 16:15:14,383 - root - INFO - -----Epoch 17/19-----
2023-07-29 16:15:14,519 - root - INFO - -----Epoch 18/19-----
2023-07-29 16:15:14,653 - root - INFO - -----Epoch 19/19-----
2023-07-29 16:16:27,588 - root - INFO - using 1 gpus
2023-07-29 16:16:41,684 - root - INFO - using 1 gpus
2023-07-29 16:16:41,867 - root - INFO - -----Epoch 0/19-----
2023-07-29 16:16:44,607 - root - INFO - -----Epoch 1/19-----
2023-07-29 16:16:44,761 - root - INFO - -----Epoch 2/19-----
2023-07-29 16:16:44,915 - root - INFO - -----Epoch 3/19-----
2023-07-29 16:16:45,069 - root - INFO - -----Epoch 4/19-----
2023-07-29 16:16:45,221 - root - INFO - -----Epoch 5/19-----
2023-07-29 16:16:45,374 - root - INFO - -----Epoch 6/19-----
2023-07-29 16:16:45,519 - root - INFO - -----Epoch 7/19-----
2023-07-29 16:16:45,663 - root - INFO - -----Epoch 8/19-----
2023-07-29 16:16:45,808 - root - INFO - -----Epoch 9/19-----
2023-07-29 16:16:45,950 - root - INFO - -----Epoch 10/19-----
2023-07-29 16:16:46,096 - root - INFO - -----Epoch 11/19-----
2023-07-29 16:16:46,241 - root - INFO - -----Epoch 12/19-----
2023-07-29 16:16:46,386 - root - INFO - -----Epoch 13/19-----
2023-07-29 16:16:46,532 - root - INFO - -----Epoch 14/19-----
2023-07-29 16:16:46,681 - root - INFO - -----Epoch 15/19-----
2023-07-29 16:16:46,824 - root - INFO - -----Epoch 16/19-----
2023-07-29 16:16:46,969 - root - INFO - -----Epoch 17/19-----
2023-07-29 16:16:47,110 - root - INFO - -----Epoch 18/19-----
2023-07-29 16:16:47,254 - root - INFO - -----Epoch 19/19-----
2023-07-29 17:09:27,082 - root - INFO - using 1 gpus
2023-07-29 17:09:27,344 - root - INFO - -----Epoch 0/19-----
2023-07-29 17:09:33,014 - root - INFO - -----Epoch 1/19-----
2023-07-29 17:09:34,319 - root - INFO - -----Epoch 2/19-----
2023-07-29 17:09:35,772 - root - INFO - -----Epoch 3/19-----
2023-07-29 17:09:37,159 - root - INFO - -----Epoch 4/19-----
2023-07-29 17:09:38,568 - root - INFO - -----Epoch 5/19-----
2023-07-29 17:09:39,947 - root - INFO - -----Epoch 6/19-----
2023-07-29 17:09:41,422 - root - INFO - -----Epoch 7/19-----
2023-07-29 17:09:42,895 - root - INFO - -----Epoch 8/19-----
2023-07-29 17:09:44,339 - root - INFO - -----Epoch 9/19-----
2023-07-29 17:09:45,870 - root - INFO - -----Epoch 10/19-----
2023-07-29 17:09:47,247 - root - INFO - -----Epoch 11/19-----
2023-07-29 17:09:48,579 - root - INFO - -----Epoch 12/19-----
2023-07-29 17:09:49,947 - root - INFO - -----Epoch 13/19-----
2023-07-29 17:09:51,334 - root - INFO - -----Epoch 14/19-----
2023-07-29 17:09:52,690 - root - INFO - -----Epoch 15/19-----
2023-07-29 17:09:54,063 - root - INFO - -----Epoch 16/19-----
2023-07-29 17:09:55,425 - root - INFO - -----Epoch 17/19-----
2023-07-29 17:09:56,759 - root - INFO - -----Epoch 18/19-----
2023-07-29 17:09:58,160 - root - INFO - -----Epoch 19/19-----
2023-07-29 17:12:57,240 - root - INFO - using 1 gpus
2023-07-29 17:12:57,410 - root - INFO - -----Epoch 0/19-----
2023-07-29 17:13:01,197 - root - INFO - -----Epoch 1/19-----
2023-07-29 17:13:02,474 - root - INFO - -----Epoch 2/19-----
2023-07-29 17:13:03,799 - root - INFO - -----Epoch 3/19-----
2023-07-29 17:13:05,089 - root - INFO - -----Epoch 4/19-----
2023-07-29 17:13:06,446 - root - INFO - -----Epoch 5/19-----
2023-07-29 17:13:07,787 - root - INFO - -----Epoch 6/19-----
2023-07-29 17:13:09,123 - root - INFO - -----Epoch 7/19-----
2023-07-29 17:13:10,549 - root - INFO - -----Epoch 8/19-----
2023-07-29 17:13:11,987 - root - INFO - -----Epoch 9/19-----
2023-07-29 17:13:13,488 - root - INFO - -----Epoch 10/19-----
2023-07-29 17:13:14,894 - root - INFO - -----Epoch 11/19-----
2023-07-29 17:13:16,326 - root - INFO - -----Epoch 12/19-----
2023-07-29 17:13:17,679 - root - INFO - -----Epoch 13/19-----
2023-07-29 17:13:19,076 - root - INFO - -----Epoch 14/19-----
2023-07-29 17:13:20,550 - root - INFO - -----Epoch 15/19-----
2023-07-29 17:13:21,940 - root - INFO - -----Epoch 16/19-----
2023-07-29 17:13:23,363 - root - INFO - -----Epoch 17/19-----
2023-07-29 17:13:24,763 - root - INFO - -----Epoch 18/19-----
2023-07-29 17:13:26,179 - root - INFO - -----Epoch 19/19-----
2023-07-29 17:13:59,019 - root - INFO - using 1 gpus
2023-07-29 17:13:59,230 - root - INFO - -----Epoch 0/19-----
2023-07-29 17:14:03,275 - root - INFO - -----Epoch 1/19-----
2023-07-29 17:14:04,540 - root - INFO - -----Epoch 2/19-----
2023-07-29 17:14:05,821 - root - INFO - -----Epoch 3/19-----
2023-07-29 17:14:07,212 - root - INFO - -----Epoch 4/19-----
2023-07-29 17:14:08,635 - root - INFO - -----Epoch 5/19-----
2023-07-29 17:14:10,042 - root - INFO - -----Epoch 6/19-----
2023-07-29 17:14:11,382 - root - INFO - -----Epoch 7/19-----
2023-07-29 17:14:12,666 - root - INFO - -----Epoch 8/19-----
2023-07-29 17:14:14,009 - root - INFO - -----Epoch 9/19-----
2023-07-29 17:14:15,359 - root - INFO - -----Epoch 10/19-----
2023-07-29 17:14:16,733 - root - INFO - -----Epoch 11/19-----
2023-07-29 17:14:18,094 - root - INFO - -----Epoch 12/19-----
2023-07-29 17:14:19,435 - root - INFO - -----Epoch 13/19-----
2023-07-29 17:14:20,852 - root - INFO - -----Epoch 14/19-----
2023-07-29 17:14:22,201 - root - INFO - -----Epoch 15/19-----
2023-07-29 17:14:23,645 - root - INFO - -----Epoch 16/19-----
2023-07-29 17:14:25,106 - root - INFO - -----Epoch 17/19-----
2023-07-29 17:14:26,476 - root - INFO - -----Epoch 18/19-----
2023-07-29 17:14:27,817 - root - INFO - -----Epoch 19/19-----
2023-07-29 17:17:43,542 - root - INFO - using 1 gpus
2023-07-29 17:18:15,153 - root - INFO - using 1 gpus
2023-07-29 17:18:46,433 - root - INFO - using 1 gpus
2023-07-29 17:18:46,656 - root - INFO - -----Epoch 0/9-----
2023-07-29 17:18:54,164 - root - INFO - -----Epoch 1/9-----
2023-07-29 17:18:59,033 - root - INFO - -----Epoch 2/9-----
2023-07-29 17:19:03,924 - root - INFO - -----Epoch 3/9-----
2023-07-29 17:19:08,718 - root - INFO - -----Epoch 4/9-----
2023-07-29 17:19:13,718 - root - INFO - -----Epoch 5/9-----
2023-07-29 17:19:18,545 - root - INFO - -----Epoch 6/9-----
2023-07-29 17:19:23,513 - root - INFO - -----Epoch 7/9-----
2023-07-29 17:19:28,400 - root - INFO - -----Epoch 8/9-----
2023-07-29 17:19:33,297 - root - INFO - -----Epoch 9/9-----
2023-07-29 17:20:35,681 - root - INFO - using 1 gpus
2023-07-29 17:20:35,870 - root - INFO - -----Epoch 0/19-----
2023-07-29 17:20:42,808 - root - INFO - -----Epoch 1/19-----
2023-07-29 17:20:47,797 - root - INFO - -----Epoch 2/19-----
2023-07-29 17:20:52,883 - root - INFO - -----Epoch 3/19-----
2023-07-29 17:20:58,148 - root - INFO - -----Epoch 4/19-----
2023-07-29 17:21:02,950 - root - INFO - -----Epoch 5/19-----
2023-07-29 17:21:07,725 - root - INFO - -----Epoch 6/19-----
2023-07-29 17:21:12,447 - root - INFO - -----Epoch 7/19-----
2023-07-29 17:21:17,482 - root - INFO - -----Epoch 8/19-----
2023-07-29 17:21:22,343 - root - INFO - -----Epoch 9/19-----
2023-07-29 17:21:27,174 - root - INFO - -----Epoch 10/19-----
2023-07-29 17:21:32,355 - root - INFO - -----Epoch 11/19-----
2023-07-29 17:21:37,517 - root - INFO - -----Epoch 12/19-----
2023-07-29 17:21:42,578 - root - INFO - -----Epoch 13/19-----
2023-07-29 17:21:53,292 - root - INFO - using 1 gpus
2023-07-29 17:21:53,464 - root - INFO - -----Epoch 0/19-----
2023-07-29 17:22:00,244 - root - INFO - -----Epoch 1/19-----
2023-07-29 17:22:05,226 - root - INFO - -----Epoch 2/19-----
2023-07-29 17:22:10,009 - root - INFO - -----Epoch 3/19-----
2023-07-29 17:22:14,875 - root - INFO - -----Epoch 4/19-----
2023-07-29 17:22:19,589 - root - INFO - -----Epoch 5/19-----
2023-07-29 17:22:24,709 - root - INFO - -----Epoch 6/19-----
2023-07-29 17:22:29,524 - root - INFO - -----Epoch 7/19-----
2023-07-29 17:22:34,723 - root - INFO - -----Epoch 8/19-----
2023-07-29 17:22:39,663 - root - INFO - -----Epoch 9/19-----
2023-07-29 17:22:44,559 - root - INFO - -----Epoch 10/19-----
2023-07-29 17:23:01,998 - root - INFO - using 1 gpus
2023-07-29 17:23:02,163 - root - INFO - -----Epoch 0/8-----
2023-07-29 17:23:09,588 - root - INFO - -----Epoch 1/8-----
2023-07-29 17:23:14,572 - root - INFO - -----Epoch 2/8-----
2023-07-29 17:23:19,789 - root - INFO - -----Epoch 3/8-----
2023-07-29 17:23:24,776 - root - INFO - -----Epoch 4/8-----
2023-07-29 17:23:29,873 - root - INFO - -----Epoch 5/8-----
2023-07-29 17:23:34,846 - root - INFO - -----Epoch 6/8-----
2023-07-29 17:23:40,031 - root - INFO - -----Epoch 7/8-----
2023-07-29 17:23:45,103 - root - INFO - -----Epoch 8/8-----
2023-07-29 17:27:20,554 - root - INFO - using 1 gpus
2023-07-29 17:28:07,965 - root - INFO - using 1 gpus
2023-07-29 17:28:48,358 - root - INFO - using 1 gpus
2023-07-29 17:29:21,648 - root - INFO - using 1 gpus
2023-07-29 17:32:54,563 - root - INFO - using 1 gpus
2023-07-29 17:33:17,528 - root - INFO - using 1 gpus
2023-07-29 19:11:29,093 - root - INFO - using 1 gpus
2023-07-29 19:12:50,151 - root - INFO - using 1 gpus
2023-07-29 19:15:30,295 - root - INFO - using 1 gpus
2023-07-29 19:18:14,123 - root - INFO - using 1 gpus
2023-07-29 19:18:59,510 - root - INFO - using 1 gpus
2023-07-29 19:22:03,305 - root - INFO - using 1 gpus
2023-07-29 19:24:02,148 - root - INFO - using 1 gpus
2023-07-29 19:25:07,129 - root - INFO - using 1 gpus
2023-07-29 19:25:17,009 - root - INFO - using 1 gpus
2023-07-29 19:27:42,621 - root - INFO - using 1 gpus
2023-07-29 19:32:08,225 - root - INFO - using 1 gpus
2023-07-29 19:37:56,947 - root - INFO - using 1 gpus
2023-07-29 19:41:19,118 - root - INFO - using 1 gpus
2023-07-29 19:44:14,802 - root - INFO - using 1 gpus
2023-07-29 19:49:32,594 - root - INFO - using 1 gpus
2023-07-29 20:01:34,397 - root - INFO - using 1 gpus
2023-07-29 20:30:28,595 - root - INFO - using 1 gpus
2023-07-29 20:33:20,100 - root - INFO - using 1 gpus
2023-07-29 20:39:26,348 - root - INFO - using 1 gpus
2023-07-29 20:47:40,807 - root - INFO - using 1 gpus
2023-07-29 20:47:50,393 - root - INFO - using 1 gpus
2023-07-29 21:04:23,842 - root - INFO - using 1 gpus
2023-07-29 21:47:32,251 - root - INFO - using 1 gpus
2023-07-29 21:58:55,134 - root - INFO - using 1 gpus
2023-07-29 22:11:28,615 - root - INFO - using 1 gpus
2023-07-29 22:18:55,497 - root - INFO - using 1 gpus
2023-07-30 03:20:27,863 - root - INFO - using 1 gpus
2023-07-30 03:24:34,036 - root - INFO - using 1 gpus
2023-07-30 03:25:53,154 - root - INFO - using 1 gpus
2023-07-30 04:43:15,862 - root - INFO - using 1 gpus
2023-07-30 04:43:29,694 - root - INFO - using 1 gpus
2023-07-30 04:44:53,709 - root - INFO - using 1 gpus
2023-07-30 04:46:37,322 - root - INFO - using 1 gpus
2023-07-30 04:47:28,713 - root - INFO - using 1 gpus
2023-07-30 04:49:45,139 - root - INFO - using 1 gpus
2023-07-30 04:52:18,716 - root - INFO - using 1 gpus
2023-07-30 04:54:07,245 - root - INFO - using 1 gpus
2023-07-30 04:56:44,621 - root - INFO - using 1 gpus
2023-07-30 04:57:03,214 - root - INFO - using 1 gpus
2023-07-30 04:57:32,718 - root - INFO - using 1 gpus
2023-07-30 11:07:33,060 - root - INFO - using 1 gpus
2023-07-30 11:09:45,655 - root - INFO - using 1 gpus
2023-07-30 11:10:13,918 - root - INFO - using 1 gpus
2023-07-30 11:12:23,812 - root - INFO - using 1 gpus
2023-07-30 11:35:16,474 - root - INFO - using 1 gpus
2023-07-30 11:36:17,733 - root - INFO - using 1 gpus
2023-07-30 13:04:15,850 - root - INFO - using 1 gpus
2023-07-30 13:04:16,059 - root - INFO - -----Epoch 0/19-----
2023-07-30 13:04:28,308 - root - INFO - -----Epoch 1/19-----
2023-07-30 13:04:30,327 - root - INFO - -----Epoch 2/19-----
2023-07-30 13:04:32,166 - root - INFO - -----Epoch 3/19-----
2023-07-30 13:04:33,976 - root - INFO - -----Epoch 4/19-----
2023-07-30 13:04:35,790 - root - INFO - -----Epoch 5/19-----
2023-07-30 13:04:37,670 - root - INFO - -----Epoch 6/19-----
2023-07-30 13:04:39,524 - root - INFO - -----Epoch 7/19-----
2023-07-30 13:04:41,347 - root - INFO - -----Epoch 8/19-----
2023-07-30 13:04:43,208 - root - INFO - -----Epoch 9/19-----
2023-07-30 13:04:45,028 - root - INFO - -----Epoch 10/19-----
2023-07-30 13:04:46,825 - root - INFO - -----Epoch 11/19-----
2023-07-30 13:04:48,698 - root - INFO - -----Epoch 12/19-----
2023-07-30 13:04:50,504 - root - INFO - -----Epoch 13/19-----
2023-07-30 13:04:52,297 - root - INFO - -----Epoch 14/19-----
2023-07-30 13:04:54,096 - root - INFO - -----Epoch 15/19-----
2023-07-30 13:04:55,946 - root - INFO - -----Epoch 16/19-----
2023-07-30 13:04:57,786 - root - INFO - -----Epoch 17/19-----
2023-07-30 13:04:59,639 - root - INFO - -----Epoch 18/19-----
2023-07-30 13:05:01,436 - root - INFO - -----Epoch 19/19-----
2023-07-30 13:11:58,450 - root - INFO - using 1 gpus
2023-07-30 13:14:39,189 - root - INFO - using 1 gpus
2023-07-30 14:12:28,363 - root - INFO - using 1 gpus
2023-07-30 14:12:28,581 - root - INFO - -----Epoch 0/19-----
2023-07-30 14:12:50,039 - root - INFO - -----Epoch 1/19-----
2023-07-30 14:12:53,770 - root - INFO - -----Epoch 2/19-----
2023-07-30 14:12:57,324 - root - INFO - -----Epoch 3/19-----
2023-07-30 14:13:00,944 - root - INFO - -----Epoch 4/19-----
2023-07-30 14:13:04,519 - root - INFO - -----Epoch 5/19-----
2023-07-30 14:13:08,151 - root - INFO - -----Epoch 6/19-----
2023-07-30 14:13:11,783 - root - INFO - -----Epoch 7/19-----
2023-07-30 14:13:15,680 - root - INFO - -----Epoch 8/19-----
2023-07-30 14:13:19,411 - root - INFO - -----Epoch 9/19-----
2023-07-30 14:13:23,180 - root - INFO - -----Epoch 10/19-----
2023-07-30 14:13:26,822 - root - INFO - -----Epoch 11/19-----
2023-07-30 14:13:30,531 - root - INFO - -----Epoch 12/19-----
2023-07-30 14:13:34,161 - root - INFO - -----Epoch 13/19-----
2023-07-30 14:13:38,110 - root - INFO - -----Epoch 14/19-----
2023-07-30 14:13:42,813 - root - INFO - -----Epoch 15/19-----
2023-07-30 14:13:48,117 - root - INFO - -----Epoch 16/19-----
2023-07-30 14:13:52,225 - root - INFO - -----Epoch 17/19-----
2023-07-30 14:13:55,976 - root - INFO - -----Epoch 18/19-----
2023-07-30 14:14:00,688 - root - INFO - -----Epoch 19/19-----
2023-07-30 14:25:23,244 - root - INFO - using 1 gpus
2023-07-30 14:25:23,476 - root - INFO - -----Epoch 0/19-----
2023-07-30 14:25:34,270 - root - INFO - -----Epoch 1/19-----
2023-07-30 14:25:37,978 - root - INFO - -----Epoch 2/19-----
2023-07-30 14:25:41,721 - root - INFO - -----Epoch 3/19-----
2023-07-30 14:25:45,262 - root - INFO - -----Epoch 4/19-----
2023-07-30 14:25:48,887 - root - INFO - -----Epoch 5/19-----
2023-07-30 14:25:52,427 - root - INFO - -----Epoch 6/19-----
2023-07-30 14:25:55,980 - root - INFO - -----Epoch 7/19-----
2023-07-30 14:25:59,526 - root - INFO - -----Epoch 8/19-----
2023-07-30 14:26:03,112 - root - INFO - -----Epoch 9/19-----
2023-07-30 14:26:06,654 - root - INFO - -----Epoch 10/19-----
2023-07-30 14:26:10,195 - root - INFO - -----Epoch 11/19-----
2023-07-30 14:26:13,747 - root - INFO - -----Epoch 12/19-----
2023-07-30 14:26:17,371 - root - INFO - -----Epoch 13/19-----
2023-07-30 14:26:21,081 - root - INFO - -----Epoch 14/19-----
2023-07-30 14:26:24,712 - root - INFO - -----Epoch 15/19-----
2023-07-30 14:26:28,453 - root - INFO - -----Epoch 16/19-----
2023-07-30 14:26:32,090 - root - INFO - -----Epoch 17/19-----
2023-07-30 14:26:35,796 - root - INFO - -----Epoch 18/19-----
2023-07-30 14:26:39,431 - root - INFO - -----Epoch 19/19-----
2023-07-30 14:28:54,381 - root - INFO - using 1 gpus
2023-07-30 14:28:54,568 - root - INFO - -----Epoch 0/8-----
2023-07-30 14:29:10,643 - root - INFO - -----Epoch 1/8-----
2023-07-30 14:29:16,981 - root - INFO - -----Epoch 2/8-----
2023-07-30 14:29:23,624 - root - INFO - -----Epoch 3/8-----
2023-07-30 14:29:30,394 - root - INFO - -----Epoch 4/8-----
2023-07-30 14:29:37,141 - root - INFO - -----Epoch 5/8-----
2023-07-30 14:29:43,841 - root - INFO - -----Epoch 6/8-----
2023-07-30 14:29:50,697 - root - INFO - -----Epoch 7/8-----
2023-07-30 14:29:57,593 - root - INFO - -----Epoch 8/8-----
2023-07-30 14:36:58,043 - root - INFO - using 1 gpus
